<?xml version="1.0" encoding="UTF-8"?>
<!-- Generated by org.testng.reporters.JUnitReportReporter -->
<testsuite hostname="DESKTOP-797PESO" failures="0" tests="2" name="dev.selenium.Workflow.LoginTest" time="4.412" errors="0" timestamp="2024-08-20T18:08:05 IST" skipped="0">
  <testcase classname="dev.selenium.Workflow.LoginTest" name="ValidLoginTest" time="1.944"/>
  <system-out/>
  <testcase classname="dev.selenium.Workflow.LoginTest" name="InvalidLoginTest" time="2.468"/>
  <system-out/>
</testsuite> <!-- dev.selenium.Workflow.LoginTest -->
